FATAL Port 4000 has been used. Try other port instead.
FATAL Something's wrong. Maybe you can find the solution here: http://hexo.io/docs/troubleshooting.html
Error: listen EADDRINUSE
    at errnoException (net.js:901:11)
    at Server._listen2 (net.js:1039:14)
    at listen (net.js:1061:10)
    at net.js:1135:9
    at dns.js:72:18
    at process._tickCallback (node.js:415:13)
FATAL listen EADDRINUSE
Error: listen EADDRINUSE
    at errnoException (net.js:901:11)
    at Server._listen2 (net.js:1039:14)
    at listen (net.js:1061:10)
    at net.js:1135:9
    at dns.js:72:18
    at process._tickCallback (node.js:415:13)
INFO  Start processing
INFO  Hexo is running at http://0.0.0.0:4000/. Press Ctrl+C to stop.
INFO  Start processing
INFO  Hexo is running at http://0.0.0.0:4000/. Press Ctrl+C to stop.
Unhandled rejection WarehouseError: ID `source/images/pasted-0.png` has been used
    at new WarehouseError (/usr/hexoBlog/wecashGroupBlog/node_modules/hexo/node_modules/warehouse/lib/error.js:17:11)
    at Model._insertOne (/usr/hexoBlog/wecashGroupBlog/node_modules/hexo/node_modules/warehouse/lib/model.js:185:27)
    at /usr/hexoBlog/wecashGroupBlog/node_modules/hexo/node_modules/warehouse/lib/model.js:214:17
    at tryCatcher (/usr/hexoBlog/wecashGroupBlog/node_modules/bluebird/js/release/util.js:16:23)
    at /usr/hexoBlog/wecashGroupBlog/node_modules/bluebird/js/release/using.js:185:26
    at tryCatcher (/usr/hexoBlog/wecashGroupBlog/node_modules/bluebird/js/release/util.js:16:23)
    at Promise._settlePromiseFromHandler (/usr/hexoBlog/wecashGroupBlog/node_modules/bluebird/js/release/promise.js:504:31)
    at Promise._settlePromise (/usr/hexoBlog/wecashGroupBlog/node_modules/bluebird/js/release/promise.js:561:18)
    at Promise._settlePromise0 (/usr/hexoBlog/wecashGroupBlog/node_modules/bluebird/js/release/promise.js:606:10)
    at Promise._settlePromises (/usr/hexoBlog/wecashGroupBlog/node_modules/bluebird/js/release/promise.js:685:18)
    at Promise._fulfill (/usr/hexoBlog/wecashGroupBlog/node_modules/bluebird/js/release/promise.js:630:18)
    at PromiseArray._resolve (/usr/hexoBlog/wecashGroupBlog/node_modules/bluebird/js/release/promise_array.js:125:19)
    at PromiseArray._promiseFulfilled (/usr/hexoBlog/wecashGroupBlog/node_modules/bluebird/js/release/promise_array.js:143:14)
    at Promise._settlePromise (/usr/hexoBlog/wecashGroupBlog/node_modules/bluebird/js/release/promise.js:566:26)
    at Promise._settlePromise0 (/usr/hexoBlog/wecashGroupBlog/node_modules/bluebird/js/release/promise.js:606:10)
    at Promise._settlePromises (/usr/hexoBlog/wecashGroupBlog/node_modules/bluebird/js/release/promise.js:685:18)
    at Async._drainQueue (/usr/hexoBlog/wecashGroupBlog/node_modules/bluebird/js/release/async.js:138:16)
    at Async._drainQueues (/usr/hexoBlog/wecashGroupBlog/node_modules/bluebird/js/release/async.js:148:10)
    at Async.drainQueues (/usr/hexoBlog/wecashGroupBlog/node_modules/bluebird/js/release/async.js:17:14)
    at process._tickCallback (node.js:415:13)
